<?xml version="1.0" encoding="UTF-8"?>
<!-- Generated by org.testng.reporters.JUnitXMLReporter -->
<testsuite hostname="QA1072" ignored="6" name="chrome" tests="4" failures="4" timestamp="2023-09-29T20:07:51 IST" time="116.24" errors="0">
  <testcase name="runLogin" time="10.337" classname="com.pos.testcases.CreateNewVendor">
    <failure type="java.lang.RuntimeException" message="See the reporter for details.">
      <![CDATA[java.lang.RuntimeException: See the reporter for details.
at com.framework.utils.Reporter.reportStep(Reporter.java:101)
at com.framework.utils.Reporter.reportStep(Reporter.java:116)
at com.framework.selenium.api.base.SeleniumBase.locateElement(SeleniumBase.java:657)
at com.pos.pages.LoginPage.enterUserName(LoginPage.java:9)
at com.pos.pages.LoginPage.login(LoginPage.java:27)
at com.pos.testcases.CreateNewVendor.runLogin(CreateNewVendor.java:25)
at java.util.concurrent.ThreadPoolExecutor.runWorker(ThreadPoolExecutor.java:1149)
at java.util.concurrent.ThreadPoolExecutor$Worker.run(ThreadPoolExecutor.java:624)
at java.lang.Thread.run(Thread.java:748)
... Removed 12 stack frames]]>
    </failure>
  </testcase> <!-- runLogin -->
  <testcase name="runLogin" time="10.505" classname="com.pos.testcases.EditVendor">
    <failure type="java.lang.RuntimeException" message="See the reporter for details.">
      <![CDATA[java.lang.RuntimeException: See the reporter for details.
at com.framework.utils.Reporter.reportStep(Reporter.java:101)
at com.framework.utils.Reporter.reportStep(Reporter.java:116)
at com.framework.selenium.api.base.SeleniumBase.locateElement(SeleniumBase.java:657)
at com.pos.pages.LoginPage.enterUserName(LoginPage.java:9)
at com.pos.pages.LoginPage.login(LoginPage.java:27)
at com.pos.testcases.EditVendor.runLogin(EditVendor.java:24)
at java.util.concurrent.ThreadPoolExecutor.runWorker(ThreadPoolExecutor.java:1149)
at java.util.concurrent.ThreadPoolExecutor$Worker.run(ThreadPoolExecutor.java:624)
at java.lang.Thread.run(Thread.java:748)
... Removed 12 stack frames]]>
    </failure>
  </testcase> <!-- runLogin -->
  <testcase name="runLogin" time="10.325" classname="com.pos.testcases.DeleteVendor">
    <failure type="java.lang.RuntimeException" message="See the reporter for details.">
      <![CDATA[java.lang.RuntimeException: See the reporter for details.
at com.framework.utils.Reporter.reportStep(Reporter.java:101)
at com.framework.utils.Reporter.reportStep(Reporter.java:116)
at com.framework.selenium.api.base.SeleniumBase.locateElement(SeleniumBase.java:657)
at com.pos.pages.LoginPage.enterUserName(LoginPage.java:9)
at com.pos.pages.LoginPage.login(LoginPage.java:27)
at com.pos.testcases.DeleteVendor.runLogin(DeleteVendor.java:26)
at java.util.concurrent.ThreadPoolExecutor.runWorker(ThreadPoolExecutor.java:1149)
at java.util.concurrent.ThreadPoolExecutor$Worker.run(ThreadPoolExecutor.java:624)
at java.lang.Thread.run(Thread.java:748)
... Removed 12 stack frames]]>
    </failure>
  </testcase> <!-- runLogin -->
  <testcase name="runLogin" time="10.39" classname="com.pos.testcases.CreateNewProduct">
    <failure type="java.lang.RuntimeException" message="See the reporter for details.">
      <![CDATA[java.lang.RuntimeException: See the reporter for details.
at com.framework.utils.Reporter.reportStep(Reporter.java:101)
at com.framework.utils.Reporter.reportStep(Reporter.java:116)
at com.framework.selenium.api.base.SeleniumBase.locateElement(SeleniumBase.java:657)
at com.pos.pages.LoginPage.enterUserName(LoginPage.java:9)
at com.pos.pages.LoginPage.login(LoginPage.java:27)
at com.pos.testcases.CreateNewProduct.runLogin(CreateNewProduct.java:25)
at java.util.concurrent.ThreadPoolExecutor.runWorker(ThreadPoolExecutor.java:1149)
at java.util.concurrent.ThreadPoolExecutor$Worker.run(ThreadPoolExecutor.java:624)
at java.lang.Thread.run(Thread.java:748)
... Removed 12 stack frames]]>
    </failure>
  </testcase> <!-- runLogin -->
  <testcase name="@BeforeSuite startReport" time="0.0" classname="com.framework.utils.Reporter">
    <ignored/>
  </testcase> <!-- @BeforeSuite startReport -->
  <testcase name="@BeforeSuite startReport" time="0.0" classname="com.framework.utils.Reporter">
    <ignored/>
  </testcase> <!-- @BeforeSuite startReport -->
  <testcase name="@BeforeSuite startReport" time="0.0" classname="com.framework.utils.Reporter">
    <ignored/>
  </testcase> <!-- @BeforeSuite startReport -->
  <testcase name="@AfterSuite endResult" time="0.0" classname="com.framework.utils.Reporter">
    <ignored/>
  </testcase> <!-- @AfterSuite endResult -->
  <testcase name="@AfterSuite endResult" time="0.0" classname="com.framework.utils.Reporter">
    <ignored/>
  </testcase> <!-- @AfterSuite endResult -->
  <testcase name="@AfterSuite endResult" time="0.0" classname="com.framework.utils.Reporter">
    <ignored/>
  </testcase> <!-- @AfterSuite endResult -->
</testsuite> <!-- chrome -->
